KNA series ymfm check - re-aggregated - 2026年 6月 3日 水曜日 02時04分34秒 JST
===
=== KNA00 === AR=31:34 CH3-M1=A1023:0 A0000:0 S0000:0
  CH3-M1 other state:   CH3: M1=R0097 M2=R0097 M3=R0098 M4=R0097
=== KNA00A === AR=31:136 CH3-M1=A1023:0 A0000:0 S0000:1
  CH3-M1 other state:   CH3: M1=S0005 M2=S0005 M3=S0005 M4=S0005
=== KNA01 === AR=31:0 CH3-M1=A1023:1 A0000:0 S0000:7
  CH3-M1 other state:   CH3: M1=S0010 M2=S0025 M3=S0010 M4=S0009
=== KNA02 === AR=31:0 CH3-M1=A1023:0 A0000:0 S0000:0
  CH3-M1 other state:   CH3: M1=R0000 M2=R0000 M3=S0004 M4=S0019
=== KNA03 === AR=31:20 CH3-M1=A1023:10 A0000:0 S0000:7
=== KNA03A === AR=31:51 CH3-M1=A1023:10 A0000:0 S0000:0
  CH3-M1 other state:   CH3: M1=S0028 M2=S0021 M3=R0082 M4=R0071
=== KNA04 === AR=31:84 CH3-M1=A1023:1 A0000:0 S0000:0
  CH3-M1 other state:   CH3: M1=R0001 M2=R0001 M3=R0011 M4=R0011
=== KNA04A === AR=31:54 CH3-M1=A1023:0 A0000:0 S0000:0
  CH3-M1 other state:   CH3: M1=R0000 M2=R0000 M3=R0004 M4=R0004
=== KNA05 === AR=31:34 CH3-M1=A1023:1 A0000:0 S0000:1
  CH3-M1 other state:   CH3: M1=S0007 M2=A0029 M3=A0029 M4=A0024
=== KNA06 === AR=31:34 CH3-M1=A1023:0 A0000:0 S0000:0
  CH3-M1 other state:   CH3: M1=S0010 M2=R0000 M3=R0000 M4=R0000
=== KNA06A === AR=31:119 CH3-M1=A1023:0 A0000:0 S0000:4
  CH3-M1 other state:   CH3: M1=S0002 M2=S0008 M3=S0007 M4=R0000
=== KNA07 === AR=31:60 CH3-M1=A1023:4 A0000:0 S0000:0
  CH3-M1 other state:   CH3: M1=S0224 M2=R0040 M3=A0412 M4=A0412
=== KNA08 === AR=31:51 CH3-M1=A1023:0 A0000:0 S0000:0
  CH3-M1 other state:   CH3: M1=S0340 M2=S0017 M3=S0051 M4=S0051
=== KNA09 === AR=31:14 CH3-M1=A1023:5 A0000:0 S0000:0
  CH3-M1 other state:   CH3: M1=R0000 M2=R0000 M3=R0000 M4=R0161
=== KNA10 === AR=31:75 CH3-M1=A1023:0 A0000:0 S0000:0
  CH3-M1 other state:   CH3: M1=A0978 M2=A0817 M3=A0815 M4=S0013
=== KNA11 === AR=31:0 CH3-M1=A1023:0 A0000:0 S0000:0
  CH3-M1 other state:   CH3: M1=S0034 M2=S0009 M3=R0001 M4=R0004
=== KNA12 === AR=31:0 CH3-M1=A1023:0 A0000:0 S0000:0
  CH3-M1 other state:   CH3: M1=D0010 M2=S0002 M3=R0004 M4=R0001
=== KNA13_ === AR=31:43 CH3-M1=A1023:0 A0000:0 S0000:8
  CH3-M1 other state:   CH3: M1=S0115 M2=S0092 M3=S0014 M4=S0322
=== KNA13 === AR=31:50 CH3-M1=A1023:0 A0000:0 S0000:8
=== KNA13A === AR=31:43 CH3-M1=A1023:10 A0000:0 S0000:2
  CH3-M1 other state:   CH3: M1=S0330 M2=S0268 M3=S0003 M4=S0021
=== KNA14_EX === AR=31:24 CH3-M1=A1023:1 A0000:0 S0000:0
  CH3-M1 other state:   CH3: M1=S0084 M2=R0100 M3=S0095 M4=R0159
=== KNA14 === AR=31:63 CH3-M1=A1023:0 A0000:0 S0000:0
  CH3-M1 other state:   CH3: M1=S0082 M2=R0097 M3=S0093 M4=R0155
=== KNA15 === AR=31:34 CH3-M1=A1023:1 A0000:0 S0000:0
  CH3-M1 other state:   CH3: M1=S0050 M2=S0050 M3=S0050 M4=S0013
=== KNA15A === AR=31:85 CH3-M1=A1023:0 A0000:0 S0000:0
  CH3-M1 other state:   CH3: M1=S0088 M2=S0088 M3=S0064 M4=S0010
=== KNA16 === AR=31:102 CH3-M1=A1023:0 A0000:0 S0000:0
=== KNA16A === AR=31:102 CH3-M1=A1023:0 A0000:0 S0000:2
