KNA series ymfm check - 2026年 6月 3日 水曜日 01時54分37秒 JST
===
=== KNA00 ===
  AR=31 occurrences: 34, CH3-M1=A1023 occurrences: 0
=== KNA00A ===
  AR=31 occurrences: 136, CH3-M1=A1023 occurrences: 0
=== KNA01 ===
  AR=31 occurrences: 0, CH3-M1=A1023 occurrences: 0
=== KNA02 ===
  AR=31 occurrences: 0, CH3-M1=A1023 occurrences: 0
=== KNA03 ===
  AR=31 occurrences: 20, CH3-M1=A1023 occurrences: 0
=== KNA03A ===
  AR=31 occurrences: 51, CH3-M1=A1023 occurrences: 0
=== KNA04 ===
  AR=31 occurrences: 84, CH3-M1=A1023 occurrences: 0
=== KNA04A ===
  AR=31 occurrences: 54, CH3-M1=A1023 occurrences: 0
=== KNA05 ===
  AR=31 occurrences: 34, CH3-M1=A1023 occurrences: 0
=== KNA06 ===
  AR=31 occurrences: 34, CH3-M1=A1023 occurrences: 0
=== KNA06A ===
  AR=31 occurrences: 119, CH3-M1=A1023 occurrences: 0
=== KNA07 ===
  AR=31 occurrences: 60, CH3-M1=A1023 occurrences: 0
=== KNA08 ===
  AR=31 occurrences: 51, CH3-M1=A1023 occurrences: 0
=== KNA09 ===
  AR=31 occurrences: 14, CH3-M1=A1023 occurrences: 0
=== KNA10 ===
  AR=31 occurrences: 75, CH3-M1=A1023 occurrences: 0
=== KNA11 ===
  AR=31 occurrences: 0, CH3-M1=A1023 occurrences: 0
=== KNA12 ===
  AR=31 occurrences: 0, CH3-M1=A1023 occurrences: 0
=== KNA13_ ===
  AR=31 occurrences: 43, CH3-M1=A1023 occurrences: 0
=== KNA13 ===
  AR=31 occurrences: 50, CH3-M1=A1023 occurrences: 0
=== KNA13A ===
  AR=31 occurrences: 43, CH3-M1=A1023 occurrences: 0
=== KNA14_EX ===
  AR=31 occurrences: 24, CH3-M1=A1023 occurrences: 0
=== KNA14 ===
  AR=31 occurrences: 63, CH3-M1=A1023 occurrences: 0
=== KNA15 ===
  AR=31 occurrences: 34, CH3-M1=A1023 occurrences: 0
=== KNA15A ===
  AR=31 occurrences: 85, CH3-M1=A1023 occurrences: 0
=== KNA16 ===
  AR=31 occurrences: 102, CH3-M1=A1023 occurrences: 0
=== KNA16A ===
  AR=31 occurrences: 102, CH3-M1=A1023 occurrences: 0
